Arguments: 
  /usr/local/bin/node /usr/local/bin/yarn cache clean

PATH: 
  /Library/Frameworks/Python.framework/Versions/3.6/bin:/usr/local/bin:/usr/bin:/bin:/usr/sbin:/sbin:/usr/local/share/dotnet:~/.dotnet/tools:/Library/Frameworks/Python.framework/Versions/3.6/bin:/Applications/Postgres.app/Contents/Versions/9.6/bin:/Applications/Postgres.app/Contents/Versions/9.6/bin

Yarn version: 
  1.17.3

Node version: 
  13.8.0

Platform: 
  darwin x64

Trace: 
  SyntaxError: /Users/veronicalino/Documents/digitalCrafts/htx-immersive-01-20/package.json: Unexpected end of JSON input
      at JSON.parse (<anonymous>)
      at /usr/local/lib/node_modules/yarn/lib/cli.js:1625:59
      at Generator.next (<anonymous>)
      at step (/usr/local/lib/node_modules/yarn/lib/cli.js:304:30)
      at /usr/local/lib/node_modules/yarn/lib/cli.js:315:13

npm manifest: 
  

yarn manifest: 
  No manifest

Lockfile: 
  No lockfile
